\BOOKMARK [0][-]{chapter.1}{\376\377\000N\000a\000m\000e\000s\000p\000a\000c\000e\000\040\000I\000n\000d\000e\000x}{}% 1
\BOOKMARK [1][-]{section.1.1}{\376\377\000P\000a\000c\000k\000a\000g\000e\000s}{chapter.1}% 2
\BOOKMARK [0][-]{chapter.2}{\376\377\000H\000i\000e\000r\000a\000r\000c\000h\000i\000c\000a\000l\000\040\000I\000n\000d\000e\000x}{}% 3
\BOOKMARK [1][-]{section.2.1}{\376\377\000C\000l\000a\000s\000s\000\040\000H\000i\000e\000r\000a\000r\000c\000h\000y}{chapter.2}% 4
\BOOKMARK [0][-]{chapter.3}{\376\377\000C\000l\000a\000s\000s\000\040\000I\000n\000d\000e\000x}{}% 5
\BOOKMARK [1][-]{section.3.1}{\376\377\000C\000l\000a\000s\000s\000\040\000L\000i\000s\000t}{chapter.3}% 6
\BOOKMARK [0][-]{chapter.4}{\376\377\000F\000i\000l\000e\000\040\000I\000n\000d\000e\000x}{}% 7
\BOOKMARK [1][-]{section.4.1}{\376\377\000F\000i\000l\000e\000\040\000L\000i\000s\000t}{chapter.4}% 8
\BOOKMARK [0][-]{chapter.5}{\376\377\000N\000a\000m\000e\000s\000p\000a\000c\000e\000\040\000D\000o\000c\000u\000m\000e\000n\000t\000a\000t\000i\000o\000n}{}% 9
\BOOKMARK [1][-]{section.5.1}{\376\377\000P\000a\000c\000k\000a\000g\000e\000\040\000D\000a\000m\000p\000S\000e\000r\000v\000e\000r}{chapter.5}% 10
\BOOKMARK [2][-]{subsection.5.1.1}{\376\377\000E\000n\000u\000m\000e\000r\000a\000t\000i\000o\000n\000\040\000T\000y\000p\000e\000\040\000D\000o\000c\000u\000m\000e\000n\000t\000a\000t\000i\000o\000n}{section.5.1}% 11
\BOOKMARK [3][-]{subsubsection.5.1.1.1}{\376\377\000L\000o\000g\000L\000e\000v\000e\000l}{subsection.5.1.1}% 12
\BOOKMARK [0][-]{chapter.6}{\376\377\000C\000l\000a\000s\000s\000\040\000D\000o\000c\000u\000m\000e\000n\000t\000a\000t\000i\000o\000n}{}% 13
\BOOKMARK [1][-]{section.6.1}{\376\377\000D\000a\000m\000p\000S\000e\000r\000v\000e\000r\000.\000A\000r\000c\000h\000i\000v\000e\000m\000e\000n\000t\000\040\000C\000l\000a\000s\000s\000\040\000R\000e\000f\000e\000r\000e\000n\000c\000e}{chapter.6}% 14
\BOOKMARK [2][-]{subsection.6.1.1}{\376\377\000D\000e\000t\000a\000i\000l\000e\000d\000\040\000D\000e\000s\000c\000r\000i\000p\000t\000i\000o\000n}{section.6.1}% 15
\BOOKMARK [2][-]{subsection.6.1.2}{\376\377\000P\000r\000o\000p\000e\000r\000t\000y\000\040\000D\000o\000c\000u\000m\000e\000n\000t\000a\000t\000i\000o\000n}{section.6.1}% 16
\BOOKMARK [3][-]{subsubsection.6.1.2.1}{\376\377\000D\000e\000s\000c\000r\000i\000p\000t\000i\000o\000n}{subsection.6.1.2}% 17
\BOOKMARK [3][-]{subsubsection.6.1.2.2}{\376\377\000I\000c\000o\000n}{subsection.6.1.2}% 18
\BOOKMARK [3][-]{subsubsection.6.1.2.3}{\376\377\000T\000i\000t\000l\000e}{subsection.6.1.2}% 19
\BOOKMARK [1][-]{section.6.2}{\376\377\000D\000a\000m\000p\000S\000e\000r\000v\000e\000r\000.\000C\000h\000a\000t\000C\000o\000m\000m\000a\000n\000d\000\040\000C\000l\000a\000s\000s\000\040\000R\000e\000f\000e\000r\000e\000n\000c\000e}{chapter.6}% 20
\BOOKMARK [2][-]{subsection.6.2.1}{\376\377\000D\000e\000t\000a\000i\000l\000e\000d\000\040\000D\000e\000s\000c\000r\000i\000p\000t\000i\000o\000n}{section.6.2}% 21
\BOOKMARK [2][-]{subsection.6.2.2}{\376\377\000C\000o\000n\000s\000t\000r\000u\000c\000t\000o\000r\000\040\000\046\000\040\000D\000e\000s\000t\000r\000u\000c\000t\000o\000r\000\040\000D\000o\000c\000u\000m\000e\000n\000t\000a\000t\000i\000o\000n}{section.6.2}% 22
\BOOKMARK [3][-]{subsubsection.6.2.2.1}{\376\377\000C\000h\000a\000t\000C\000o\000m\000m\000a\000n\000d}{subsection.6.2.2}% 23
\BOOKMARK [2][-]{subsection.6.2.3}{\376\377\000M\000e\000m\000b\000e\000r\000\040\000F\000u\000n\000c\000t\000i\000o\000n\000\040\000D\000o\000c\000u\000m\000e\000n\000t\000a\000t\000i\000o\000n}{section.6.2}% 24
\BOOKMARK [3][-]{subsubsection.6.2.3.1}{\376\377\000C\000a\000n\000H\000a\000n\000d\000l\000e\000C\000o\000m\000m\000a\000n\000d}{subsection.6.2.3}% 25
\BOOKMARK [3][-]{subsubsection.6.2.3.2}{\376\377\000E\000x\000e\000c\000u\000t\000e}{subsection.6.2.3}% 26
\BOOKMARK [2][-]{subsection.6.2.4}{\376\377\000P\000r\000o\000p\000e\000r\000t\000y\000\040\000D\000o\000c\000u\000m\000e\000n\000t\000a\000t\000i\000o\000n}{section.6.2}% 27
\BOOKMARK [3][-]{subsubsection.6.2.4.1}{\376\377\000I\000s\000P\000e\000r\000s\000i\000s\000t\000a\000n\000t}{subsection.6.2.4}% 28
\BOOKMARK [3][-]{subsubsection.6.2.4.2}{\376\377\000N\000e\000e\000d\000s\000A\000u\000t\000h\000c\000a\000t\000i\000c\000a\000t\000i\000o\000n}{subsection.6.2.4}% 29
\BOOKMARK [1][-]{section.6.3}{\376\377\000D\000a\000m\000p\000S\000e\000r\000v\000e\000r\000.\000C\000h\000a\000t\000X\000m\000l\000R\000e\000s\000p\000o\000n\000s\000e\000\040\000C\000l\000a\000s\000s\000\040\000R\000e\000f\000e\000r\000e\000n\000c\000e}{chapter.6}% 30
\BOOKMARK [2][-]{subsection.6.3.1}{\376\377\000D\000e\000t\000a\000i\000l\000e\000d\000\040\000D\000e\000s\000c\000r\000i\000p\000t\000i\000o\000n}{section.6.3}% 31
\BOOKMARK [2][-]{subsection.6.3.2}{\376\377\000P\000r\000o\000p\000e\000r\000t\000y\000\040\000D\000o\000c\000u\000m\000e\000n\000t\000a\000t\000i\000o\000n}{section.6.3}% 32
\BOOKMARK [3][-]{subsubsection.6.3.2.1}{\376\377\000F\000r\000o\000m}{subsection.6.3.2}% 33
\BOOKMARK [3][-]{subsubsection.6.3.2.2}{\376\377\000M\000e\000s\000s\000a\000g\000e}{subsection.6.3.2}% 34
\BOOKMARK [3][-]{subsubsection.6.3.2.3}{\376\377\000T\000o}{subsection.6.3.2}% 35
\BOOKMARK [1][-]{section.6.4}{\376\377\000D\000a\000m\000p\000S\000e\000r\000v\000e\000r\000.\000C\000o\000m\000m\000a\000n\000d\000N\000o\000t\000F\000o\000u\000n\000d\000E\000x\000c\000e\000p\000t\000i\000o\000n\000\040\000C\000l\000a\000s\000s\000\040\000R\000e\000f\000e\000r\000e\000n\000c\000e}{chapter.6}% 36
\BOOKMARK [2][-]{subsection.6.4.1}{\376\377\000D\000e\000t\000a\000i\000l\000e\000d\000\040\000D\000e\000s\000c\000r\000i\000p\000t\000i\000o\000n}{section.6.4}% 37
\BOOKMARK [2][-]{subsection.6.4.2}{\376\377\000C\000o\000n\000s\000t\000r\000u\000c\000t\000o\000r\000\040\000\046\000\040\000D\000e\000s\000t\000r\000u\000c\000t\000o\000r\000\040\000D\000o\000c\000u\000m\000e\000n\000t\000a\000t\000i\000o\000n}{section.6.4}% 38
\BOOKMARK [3][-]{subsubsection.6.4.2.1}{\376\377\000C\000o\000m\000m\000a\000n\000d\000N\000o\000t\000F\000o\000u\000n\000d\000E\000x\000c\000e\000p\000t\000i\000o\000n}{subsection.6.4.2}% 39
\BOOKMARK [1][-]{section.6.5}{\376\377\000D\000a\000m\000p\000S\000e\000r\000v\000e\000r\000.\000C\000o\000n\000n\000e\000c\000t\000i\000o\000n\000\040\000C\000l\000a\000s\000s\000\040\000R\000e\000f\000e\000r\000e\000n\000c\000e}{chapter.6}% 40
\BOOKMARK [2][-]{subsection.6.5.1}{\376\377\000D\000e\000t\000a\000i\000l\000e\000d\000\040\000D\000e\000s\000c\000r\000i\000p\000t\000i\000o\000n}{section.6.5}% 41
\BOOKMARK [2][-]{subsection.6.5.2}{\376\377\000P\000r\000o\000p\000e\000r\000t\000y\000\040\000D\000o\000c\000u\000m\000e\000n\000t\000a\000t\000i\000o\000n}{section.6.5}% 42
\BOOKMARK [3][-]{subsubsection.6.5.2.1}{\376\377\000U\000s\000e\000r\000H\000t\000t\000p}{subsection.6.5.2}% 43
\BOOKMARK [3][-]{subsubsection.6.5.2.2}{\376\377\000U\000s\000e\000r\000P\000r\000o\000f\000i\000l\000e}{subsection.6.5.2}% 44
\BOOKMARK [1][-]{section.6.6}{\376\377\000D\000a\000m\000p\000S\000e\000r\000v\000e\000r\000.\000C\000o\000n\000n\000e\000c\000t\000i\000o\000n\000M\000a\000n\000a\000g\000e\000r\000\040\000C\000l\000a\000s\000s\000\040\000R\000e\000f\000e\000r\000e\000n\000c\000e}{chapter.6}% 45
\BOOKMARK [2][-]{subsection.6.6.1}{\376\377\000D\000e\000t\000a\000i\000l\000e\000d\000\040\000D\000e\000s\000c\000r\000i\000p\000t\000i\000o\000n}{section.6.6}% 46
\BOOKMARK [2][-]{subsection.6.6.2}{\376\377\000C\000o\000n\000s\000t\000r\000u\000c\000t\000o\000r\000\040\000\046\000\040\000D\000e\000s\000t\000r\000u\000c\000t\000o\000r\000\040\000D\000o\000c\000u\000m\000e\000n\000t\000a\000t\000i\000o\000n}{section.6.6}% 47
\BOOKMARK [3][-]{subsubsection.6.6.2.1}{\376\377\000C\000o\000n\000n\000e\000c\000t\000i\000o\000n\000M\000a\000n\000a\000g\000e\000r}{subsection.6.6.2}% 48
\BOOKMARK [2][-]{subsection.6.6.3}{\376\377\000M\000e\000m\000b\000e\000r\000\040\000F\000u\000n\000c\000t\000i\000o\000n\000\040\000D\000o\000c\000u\000m\000e\000n\000t\000a\000t\000i\000o\000n}{section.6.6}% 49
\BOOKMARK [3][-]{subsubsection.6.6.3.1}{\376\377\000A\000d\000d\000C\000o\000n\000n\000e\000c\000t\000i\000o\000n}{subsection.6.6.3}% 50
\BOOKMARK [3][-]{subsubsection.6.6.3.2}{\376\377\000G\000e\000t\000C\000o\000n\000n\000e\000c\000t\000i\000o\000n\000B\000y\000A\000u\000t\000h\000T\000o\000k\000e\000n}{subsection.6.6.3}% 51
\BOOKMARK [3][-]{subsubsection.6.6.3.3}{\376\377\000G\000e\000t\000C\000o\000n\000n\000e\000c\000t\000i\000o\000n\000B\000y\000U\000s\000e\000r\000I\000d}{subsection.6.6.3}% 52
\BOOKMARK [3][-]{subsubsection.6.6.3.4}{\376\377\000G\000e\000t\000C\000o\000n\000n\000e\000c\000t\000i\000o\000n\000M\000a\000n\000a\000g\000e\000r}{subsection.6.6.3}% 53
\BOOKMARK [3][-]{subsubsection.6.6.3.5}{\376\377\000R\000e\000m\000o\000v\000e\000C\000o\000n\000n\000e\000c\000t\000i\000o\000n}{subsection.6.6.3}% 54
\BOOKMARK [3][-]{subsubsection.6.6.3.6}{\376\377\000R\000u\000n}{subsection.6.6.3}% 55
\BOOKMARK [2][-]{subsection.6.6.4}{\376\377\000M\000e\000m\000b\000e\000r\000\040\000D\000a\000t\000a\000\040\000D\000o\000c\000u\000m\000e\000n\000t\000a\000t\000i\000o\000n}{section.6.6}% 56
\BOOKMARK [3][-]{subsubsection.6.6.4.1}{\376\377\000\137\000c\000o\000n\000n\000e\000c\000t\000i\000o\000n\000s}{subsection.6.6.4}% 57
\BOOKMARK [3][-]{subsubsection.6.6.4.2}{\376\377\000M\000a\000n\000a\000g\000e\000r}{subsection.6.6.4}% 58
\BOOKMARK [1][-]{section.6.7}{\376\377\000D\000a\000m\000p\000S\000e\000r\000v\000e\000r\000.\000D\000a\000t\000a\000b\000a\000s\000e\000\040\000C\000l\000a\000s\000s\000\040\000R\000e\000f\000e\000r\000e\000n\000c\000e}{chapter.6}% 59
\BOOKMARK [2][-]{subsection.6.7.1}{\376\377\000D\000e\000t\000a\000i\000l\000e\000d\000\040\000D\000e\000s\000c\000r\000i\000p\000t\000i\000o\000n}{section.6.7}% 60
\BOOKMARK [2][-]{subsection.6.7.2}{\376\377\000M\000e\000m\000b\000e\000r\000\040\000F\000u\000n\000c\000t\000i\000o\000n\000\040\000D\000o\000c\000u\000m\000e\000n\000t\000a\000t\000i\000o\000n}{section.6.7}% 61
\BOOKMARK [3][-]{subsubsection.6.7.2.1}{\376\377\000C\000l\000o\000s\000e}{subsection.6.7.2}% 62
\BOOKMARK [3][-]{subsubsection.6.7.2.2}{\376\377\000G\000e\000t\000C\000o\000m\000m\000a\000n\000d}{subsection.6.7.2}% 63
\BOOKMARK [3][-]{subsubsection.6.7.2.3}{\376\377\000O\000p\000e\000n}{subsection.6.7.2}% 64
\BOOKMARK [2][-]{subsection.6.7.3}{\376\377\000M\000e\000m\000b\000e\000r\000\040\000D\000a\000t\000a\000\040\000D\000o\000c\000u\000m\000e\000n\000t\000a\000t\000i\000o\000n}{section.6.7}% 65
\BOOKMARK [3][-]{subsubsection.6.7.3.1}{\376\377\000\137\000s\000q\000l\000C\000o\000n\000n\000e\000c\000t\000i\000o\000n}{subsection.6.7.3}% 66
\BOOKMARK [3][-]{subsubsection.6.7.3.2}{\376\377\000C\000o\000n\000n\000e\000c\000t\000i\000o\000n\000S\000t\000r\000i\000n\000g}{subsection.6.7.3}% 67
\BOOKMARK [1][-]{section.6.8}{\376\377\000D\000a\000m\000p\000S\000e\000r\000v\000e\000r\000.\000D\000o\000w\000n\000l\000o\000a\000d\000C\000o\000m\000m\000a\000n\000d\000\040\000C\000l\000a\000s\000s\000\040\000R\000e\000f\000e\000r\000e\000n\000c\000e}{chapter.6}% 68
\BOOKMARK [2][-]{subsection.6.8.1}{\376\377\000D\000e\000t\000a\000i\000l\000e\000d\000\040\000D\000e\000s\000c\000r\000i\000p\000t\000i\000o\000n}{section.6.8}% 69
\BOOKMARK [2][-]{subsection.6.8.2}{\376\377\000C\000o\000n\000s\000t\000r\000u\000c\000t\000o\000r\000\040\000\046\000\040\000D\000e\000s\000t\000r\000u\000c\000t\000o\000r\000\040\000D\000o\000c\000u\000m\000e\000n\000t\000a\000t\000i\000o\000n}{section.6.8}% 70
\BOOKMARK [3][-]{subsubsection.6.8.2.1}{\376\377\000D\000o\000w\000n\000l\000o\000a\000d\000C\000o\000m\000m\000a\000n\000d}{subsection.6.8.2}% 71
\BOOKMARK [2][-]{subsection.6.8.3}{\376\377\000M\000e\000m\000b\000e\000r\000\040\000F\000u\000n\000c\000t\000i\000o\000n\000\040\000D\000o\000c\000u\000m\000e\000n\000t\000a\000t\000i\000o\000n}{section.6.8}% 72
\BOOKMARK [3][-]{subsubsection.6.8.3.1}{\376\377\000C\000a\000n\000H\000a\000n\000d\000l\000e\000C\000o\000m\000m\000a\000n\000d}{subsection.6.8.3}% 73
\BOOKMARK [3][-]{subsubsection.6.8.3.2}{\376\377\000E\000x\000e\000c\000u\000t\000e}{subsection.6.8.3}% 74
\BOOKMARK [2][-]{subsection.6.8.4}{\376\377\000P\000r\000o\000p\000e\000r\000t\000y\000\040\000D\000o\000c\000u\000m\000e\000n\000t\000a\000t\000i\000o\000n}{section.6.8}% 75
\BOOKMARK [3][-]{subsubsection.6.8.4.1}{\376\377\000I\000s\000P\000e\000r\000s\000i\000s\000t\000a\000n\000t}{subsection.6.8.4}% 76
\BOOKMARK [3][-]{subsubsection.6.8.4.2}{\376\377\000N\000e\000e\000d\000s\000A\000u\000t\000h\000c\000a\000t\000i\000c\000a\000t\000i\000o\000n}{subsection.6.8.4}% 77
\BOOKMARK [1][-]{section.6.9}{\376\377\000D\000a\000m\000p\000S\000e\000r\000v\000e\000r\000.\000E\000r\000r\000o\000r\000X\000m\000l\000R\000e\000s\000p\000o\000n\000s\000e\000\040\000C\000l\000a\000s\000s\000\040\000R\000e\000f\000e\000r\000e\000n\000c\000e}{chapter.6}% 78
\BOOKMARK [2][-]{subsection.6.9.1}{\376\377\000D\000e\000t\000a\000i\000l\000e\000d\000\040\000D\000e\000s\000c\000r\000i\000p\000t\000i\000o\000n}{section.6.9}% 79
\BOOKMARK [2][-]{subsection.6.9.2}{\376\377\000P\000r\000o\000p\000e\000r\000t\000y\000\040\000D\000o\000c\000u\000m\000e\000n\000t\000a\000t\000i\000o\000n}{section.6.9}% 80
\BOOKMARK [3][-]{subsubsection.6.9.2.1}{\376\377\000M\000e\000s\000s\000a\000g\000e}{subsection.6.9.2}% 81
\BOOKMARK [1][-]{section.6.10}{\376\377\000D\000a\000m\000p\000S\000e\000r\000v\000e\000r\000.\000G\000a\000m\000e\000\040\000C\000l\000a\000s\000s\000\040\000R\000e\000f\000e\000r\000e\000n\000c\000e}{chapter.6}% 82
\BOOKMARK [2][-]{subsection.6.10.1}{\376\377\000D\000e\000t\000a\000i\000l\000e\000d\000\040\000D\000e\000s\000c\000r\000i\000p\000t\000i\000o\000n}{section.6.10}% 83
\BOOKMARK [2][-]{subsection.6.10.2}{\376\377\000M\000e\000m\000b\000e\000r\000\040\000F\000u\000n\000c\000t\000i\000o\000n\000\040\000D\000o\000c\000u\000m\000e\000n\000t\000a\000t\000i\000o\000n}{section.6.10}% 84
\BOOKMARK [3][-]{subsubsection.6.10.2.1}{\376\377\000T\000o\000S\000t\000r\000i\000n\000g}{subsection.6.10.2}% 85
\BOOKMARK [2][-]{subsection.6.10.3}{\376\377\000P\000r\000o\000p\000e\000r\000t\000y\000\040\000D\000o\000c\000u\000m\000e\000n\000t\000a\000t\000i\000o\000n}{section.6.10}% 86
\BOOKMARK [3][-]{subsubsection.6.10.3.1}{\376\377\000A\000r\000c\000h\000i\000v\000e\000m\000e\000n\000t\000s}{subsection.6.10.3}% 87
\BOOKMARK [3][-]{subsubsection.6.10.3.2}{\376\377\000D\000e\000s\000c\000r\000i\000p\000t\000i\000o\000n}{subsection.6.10.3}% 88
\BOOKMARK [3][-]{subsubsection.6.10.3.3}{\376\377\000D\000e\000v\000e\000l\000o\000p\000e\000r}{subsection.6.10.3}% 89
\BOOKMARK [3][-]{subsubsection.6.10.3.4}{\376\377\000G\000e\000n\000r\000e}{subsection.6.10.3}% 90
\BOOKMARK [3][-]{subsubsection.6.10.3.5}{\376\377\000I\000d}{subsection.6.10.3}% 91
\BOOKMARK [3][-]{subsubsection.6.10.3.6}{\376\377\000P\000a\000t\000h}{subsection.6.10.3}% 92
\BOOKMARK [3][-]{subsubsection.6.10.3.7}{\376\377\000P\000i\000c\000t\000u\000r\000e}{subsection.6.10.3}% 93
\BOOKMARK [3][-]{subsubsection.6.10.3.8}{\376\377\000R\000e\000c\000o\000m\000m\000e\000n\000d\000e\000d\000A\000g\000e}{subsection.6.10.3}% 94
\BOOKMARK [3][-]{subsubsection.6.10.3.9}{\376\377\000T\000i\000t\000l\000e}{subsection.6.10.3}% 95
\BOOKMARK [1][-]{section.6.11}{\376\377\000D\000a\000m\000p\000S\000e\000r\000v\000e\000r\000.\000G\000a\000m\000e\000H\000a\000n\000d\000l\000e\000r\000\040\000C\000l\000a\000s\000s\000\040\000R\000e\000f\000e\000r\000e\000n\000c\000e}{chapter.6}% 96
\BOOKMARK [2][-]{subsection.6.11.1}{\376\377\000D\000e\000t\000a\000i\000l\000e\000d\000\040\000D\000e\000s\000c\000r\000i\000p\000t\000i\000o\000n}{section.6.11}% 97
\BOOKMARK [2][-]{subsection.6.11.2}{\376\377\000C\000o\000n\000s\000t\000r\000u\000c\000t\000o\000r\000\040\000\046\000\040\000D\000e\000s\000t\000r\000u\000c\000t\000o\000r\000\040\000D\000o\000c\000u\000m\000e\000n\000t\000a\000t\000i\000o\000n}{section.6.11}% 98
\BOOKMARK [3][-]{subsubsection.6.11.2.1}{\376\377\000G\000a\000m\000e\000H\000a\000n\000d\000l\000e\000r}{subsection.6.11.2}% 99
\BOOKMARK [2][-]{subsection.6.11.3}{\376\377\000M\000e\000m\000b\000e\000r\000\040\000F\000u\000n\000c\000t\000i\000o\000n\000\040\000D\000o\000c\000u\000m\000e\000n\000t\000a\000t\000i\000o\000n}{section.6.11}% 100
\BOOKMARK [3][-]{subsubsection.6.11.3.1}{\376\377\000E\000x\000t\000r\000a\000c\000t}{subsection.6.11.3}% 101
\BOOKMARK [3][-]{subsubsection.6.11.3.2}{\376\377\000I\000n\000s\000e\000r\000t\000G\000a\000m\000e\000I\000n\000t\000o\000D\000b}{subsection.6.11.3}% 102
\BOOKMARK [3][-]{subsubsection.6.11.3.3}{\376\377\000P\000a\000r\000s\000e\000F\000i\000l\000e\000s}{subsection.6.11.3}% 103
\BOOKMARK [3][-]{subsubsection.6.11.3.4}{\376\377\000P\000a\000r\000s\000e\000G\000a\000m\000e}{subsection.6.11.3}% 104
\BOOKMARK [3][-]{subsubsection.6.11.3.5}{\376\377\000P\000a\000r\000s\000e\000M\000a\000n\000i\000f\000e\000s\000t}{subsection.6.11.3}% 105
\BOOKMARK [2][-]{subsection.6.11.4}{\376\377\000M\000e\000m\000b\000e\000r\000\040\000D\000a\000t\000a\000\040\000D\000o\000c\000u\000m\000e\000n\000t\000a\000t\000i\000o\000n}{section.6.11}% 106
\BOOKMARK [3][-]{subsubsection.6.11.4.1}{\376\377\000\137\000f\000i\000l\000e\000f\000o\000l\000d\000e\000r}{subsection.6.11.4}% 107
\BOOKMARK [3][-]{subsubsection.6.11.4.2}{\376\377\000\137\000f\000i\000l\000e\000n\000a\000m\000e}{subsection.6.11.4}% 108
\BOOKMARK [3][-]{subsubsection.6.11.4.3}{\376\377\000\137\000f\000i\000l\000e\000p\000a\000t\000h}{subsection.6.11.4}% 109
\BOOKMARK [3][-]{subsubsection.6.11.4.4}{\376\377\000\137\000f\000i\000l\000e\000s}{subsection.6.11.4}% 110
\BOOKMARK [3][-]{subsubsection.6.11.4.5}{\376\377\000\137\000m\000a\000n\000i\000f\000e\000s\000t}{subsection.6.11.4}% 111
\BOOKMARK [3][-]{subsubsection.6.11.4.6}{\376\377\000\137\000z\000i\000p\000S\000t\000r\000e\000a\000m}{subsection.6.11.4}% 112
\BOOKMARK [3][-]{subsubsection.6.11.4.7}{\376\377\000G\000a\000m\000e\000P\000r\000e\000F\000i\000x}{subsection.6.11.4}% 113
\BOOKMARK [3][-]{subsubsection.6.11.4.8}{\376\377\000G\000a\000m\000e\000s\000F\000o\000l\000d\000e\000r}{subsection.6.11.4}% 114
\BOOKMARK [2][-]{subsection.6.11.5}{\376\377\000P\000r\000o\000p\000e\000r\000t\000y\000\040\000D\000o\000c\000u\000m\000e\000n\000t\000a\000t\000i\000o\000n}{section.6.11}% 115
\BOOKMARK [3][-]{subsubsection.6.11.5.1}{\376\377\000G\000a\000m\000e}{subsection.6.11.5}% 116
\BOOKMARK [1][-]{section.6.12}{\376\377\000D\000a\000m\000p\000S\000e\000r\000v\000e\000r\000.\000H\000t\000t\000p\000\040\000C\000l\000a\000s\000s\000\040\000R\000e\000f\000e\000r\000e\000n\000c\000e}{chapter.6}% 117
\BOOKMARK [2][-]{subsection.6.12.1}{\376\377\000D\000e\000t\000a\000i\000l\000e\000d\000\040\000D\000e\000s\000c\000r\000i\000p\000t\000i\000o\000n}{section.6.12}% 118
\BOOKMARK [2][-]{subsection.6.12.2}{\376\377\000C\000o\000n\000s\000t\000r\000u\000c\000t\000o\000r\000\040\000\046\000\040\000D\000e\000s\000t\000r\000u\000c\000t\000o\000r\000\040\000D\000o\000c\000u\000m\000e\000n\000t\000a\000t\000i\000o\000n}{section.6.12}% 119
\BOOKMARK [3][-]{subsubsection.6.12.2.1}{\376\377\000H\000t\000t\000p}{subsection.6.12.2}% 120
\BOOKMARK [2][-]{subsection.6.12.3}{\376\377\000M\000e\000m\000b\000e\000r\000\040\000F\000u\000n\000c\000t\000i\000o\000n\000\040\000D\000o\000c\000u\000m\000e\000n\000t\000a\000t\000i\000o\000n}{section.6.12}% 121
\BOOKMARK [3][-]{subsubsection.6.12.3.1}{\376\377\000A\000d\000d\000H\000e\000a\000d\000e\000r}{subsection.6.12.3}% 122
\BOOKMARK [3][-]{subsubsection.6.12.3.2}{\376\377\000G\000e\000t\000H\000e\000a\000d\000e\000r}{subsection.6.12.3}% 123
\BOOKMARK [3][-]{subsubsection.6.12.3.3}{\376\377\000P\000a\000r\000s\000e\000G\000e\000t}{subsection.6.12.3}% 124
\BOOKMARK [3][-]{subsubsection.6.12.3.4}{\376\377\000P\000a\000r\000s\000e\000P\000o\000s\000t}{subsection.6.12.3}% 125
\BOOKMARK [3][-]{subsubsection.6.12.3.5}{\376\377\000S\000e\000n\000d\000F\000i\000l\000e\000R\000e\000s\000p\000o\000n\000s\000e}{subsection.6.12.3}% 126
\BOOKMARK [3][-]{subsubsection.6.12.3.6}{\376\377\000S\000e\000n\000d\000R\000e\000s\000p\000o\000n\000s\000e\000H\000e\000a\000d\000e\000r}{subsection.6.12.3}% 127
\BOOKMARK [3][-]{subsubsection.6.12.3.7}{\376\377\000S\000e\000n\000d\000X\000m\000l\000R\000e\000s\000p\000o\000n\000s\000e}{subsection.6.12.3}% 128
\BOOKMARK [3][-]{subsubsection.6.12.3.8}{\376\377\000S\000o\000c\000k\000e\000t\000C\000o\000n\000n\000e\000c\000t\000e\000d}{subsection.6.12.3}% 129
\BOOKMARK [2][-]{subsection.6.12.4}{\376\377\000M\000e\000m\000b\000e\000r\000\040\000D\000a\000t\000a\000\040\000D\000o\000c\000u\000m\000e\000n\000t\000a\000t\000i\000o\000n}{section.6.12}% 130
\BOOKMARK [3][-]{subsubsection.6.12.4.1}{\376\377\000\137\000h\000e\000a\000d\000e\000r\000s}{subsection.6.12.4}% 131
\BOOKMARK [3][-]{subsubsection.6.12.4.2}{\376\377\000\137\000h\000e\000a\000d\000e\000r\000s\000T\000o\000S\000e\000n\000d}{subsection.6.12.4}% 132
\BOOKMARK [3][-]{subsubsection.6.12.4.3}{\376\377\000\137\000n\000e\000t\000w\000o\000r\000k}{subsection.6.12.4}% 133
\BOOKMARK [3][-]{subsubsection.6.12.4.4}{\376\377\000\137\000s\000o\000c\000k\000e\000t}{subsection.6.12.4}% 134
\BOOKMARK [3][-]{subsubsection.6.12.4.5}{\376\377\000S\000e\000r\000v\000e\000r\000C\000e\000r\000t\000i\000f\000i\000c\000a\000t\000e}{subsection.6.12.4}% 135
\BOOKMARK [2][-]{subsection.6.12.5}{\376\377\000P\000r\000o\000p\000e\000r\000t\000y\000\040\000D\000o\000c\000u\000m\000e\000n\000t\000a\000t\000i\000o\000n}{section.6.12}% 136
\BOOKMARK [3][-]{subsubsection.6.12.5.1}{\376\377\000C\000o\000n\000t\000e\000n\000t}{subsection.6.12.5}% 137
\BOOKMARK [3][-]{subsubsection.6.12.5.2}{\376\377\000H\000t\000t\000p\000V\000e\000r\000s\000i\000o\000n}{subsection.6.12.5}% 138
\BOOKMARK [3][-]{subsubsection.6.12.5.3}{\376\377\000I\000s\000C\000o\000n\000n\000e\000c\000t\000e\000d}{subsection.6.12.5}% 139
\BOOKMARK [3][-]{subsubsection.6.12.5.4}{\376\377\000L\000e\000n\000g\000t\000h}{subsection.6.12.5}% 140
\BOOKMARK [3][-]{subsubsection.6.12.5.5}{\376\377\000P\000a\000t\000h}{subsection.6.12.5}% 141
\BOOKMARK [3][-]{subsubsection.6.12.5.6}{\376\377\000Q\000u\000e\000r\000y}{subsection.6.12.5}% 142
\BOOKMARK [3][-]{subsubsection.6.12.5.7}{\376\377\000S\000t\000a\000t\000u\000s}{subsection.6.12.5}% 143
\BOOKMARK [3][-]{subsubsection.6.12.5.8}{\376\377\000T\000y\000p\000e}{subsection.6.12.5}% 144
\BOOKMARK [1][-]{section.6.13}{\376\377\000D\000a\000m\000p\000S\000e\000r\000v\000e\000r\000.\000I\000C\000o\000m\000m\000a\000n\000d\000A\000r\000g\000u\000m\000e\000n\000t\000\040\000I\000n\000t\000e\000r\000f\000a\000c\000e\000\040\000R\000e\000f\000e\000r\000e\000n\000c\000e}{chapter.6}% 145
\BOOKMARK [2][-]{subsection.6.13.1}{\376\377\000D\000e\000t\000a\000i\000l\000e\000d\000\040\000D\000e\000s\000c\000r\000i\000p\000t\000i\000o\000n}{section.6.13}% 146
\BOOKMARK [2][-]{subsection.6.13.2}{\376\377\000M\000e\000m\000b\000e\000r\000\040\000F\000u\000n\000c\000t\000i\000o\000n\000\040\000D\000o\000c\000u\000m\000e\000n\000t\000a\000t\000i\000o\000n}{section.6.13}% 147
\BOOKMARK [3][-]{subsubsection.6.13.2.1}{\376\377\000S\000e\000n\000d\000F\000i\000l\000e\000R\000e\000s\000p\000o\000n\000s\000e}{subsection.6.13.2}% 148
\BOOKMARK [3][-]{subsubsection.6.13.2.2}{\376\377\000S\000e\000n\000d\000X\000m\000l\000R\000e\000s\000p\000o\000n\000s\000e}{subsection.6.13.2}% 149
\BOOKMARK [2][-]{subsection.6.13.3}{\376\377\000P\000r\000o\000p\000e\000r\000t\000y\000\040\000D\000o\000c\000u\000m\000e\000n\000t\000a\000t\000i\000o\000n}{section.6.13}% 150
\BOOKMARK [3][-]{subsubsection.6.13.3.1}{\376\377\000I\000s\000C\000o\000n\000n\000e\000c\000t\000e\000d}{subsection.6.13.3}% 151
\BOOKMARK [3][-]{subsubsection.6.13.3.2}{\376\377\000Q\000u\000e\000r\000y}{subsection.6.13.3}% 152
\BOOKMARK [1][-]{section.6.14}{\376\377\000D\000a\000m\000p\000S\000e\000r\000v\000e\000r\000.\000I\000n\000v\000a\000l\000i\000d\000F\000i\000l\000e\000H\000a\000s\000h\000E\000x\000c\000e\000p\000t\000i\000o\000n\000\040\000C\000l\000a\000s\000s\000\040\000R\000e\000f\000e\000r\000e\000n\000c\000e}{chapter.6}% 153
\BOOKMARK [2][-]{subsection.6.14.1}{\376\377\000D\000e\000t\000a\000i\000l\000e\000d\000\040\000D\000e\000s\000c\000r\000i\000p\000t\000i\000o\000n}{section.6.14}% 154
\BOOKMARK [1][-]{section.6.15}{\376\377\000D\000a\000m\000p\000S\000e\000r\000v\000e\000r\000.\000I\000n\000v\000a\000l\000i\000d\000H\000t\000t\000p\000R\000e\000q\000u\000e\000s\000t\000E\000x\000c\000e\000p\000t\000i\000o\000n\000\040\000C\000l\000a\000s\000s\000\040\000R\000e\000f\000e\000r\000e\000n\000c\000e}{chapter.6}% 155
\BOOKMARK [2][-]{subsection.6.15.1}{\376\377\000D\000e\000t\000a\000i\000l\000e\000d\000\040\000D\000e\000s\000c\000r\000i\000p\000t\000i\000o\000n}{section.6.15}% 156
\BOOKMARK [2][-]{subsection.6.15.2}{\376\377\000C\000o\000n\000s\000t\000r\000u\000c\000t\000o\000r\000\040\000\046\000\040\000D\000e\000s\000t\000r\000u\000c\000t\000o\000r\000\040\000D\000o\000c\000u\000m\000e\000n\000t\000a\000t\000i\000o\000n}{section.6.15}% 157
\BOOKMARK [3][-]{subsubsection.6.15.2.1}{\376\377\000I\000n\000v\000a\000l\000i\000d\000H\000t\000t\000p\000R\000e\000q\000u\000e\000s\000t\000E\000x\000c\000e\000p\000t\000i\000o\000n}{subsection.6.15.2}% 158
\BOOKMARK [1][-]{section.6.16}{\376\377\000D\000a\000m\000p\000S\000e\000r\000v\000e\000r\000.\000I\000S\000e\000r\000v\000e\000r\000C\000o\000m\000m\000a\000n\000d\000\040\000I\000n\000t\000e\000r\000f\000a\000c\000e\000\040\000R\000e\000f\000e\000r\000e\000n\000c\000e}{chapter.6}% 159
\BOOKMARK [2][-]{subsection.6.16.1}{\376\377\000D\000e\000t\000a\000i\000l\000e\000d\000\040\000D\000e\000s\000c\000r\000i\000p\000t\000i\000o\000n}{section.6.16}% 160
\BOOKMARK [2][-]{subsection.6.16.2}{\376\377\000M\000e\000m\000b\000e\000r\000\040\000F\000u\000n\000c\000t\000i\000o\000n\000\040\000D\000o\000c\000u\000m\000e\000n\000t\000a\000t\000i\000o\000n}{section.6.16}% 161
\BOOKMARK [3][-]{subsubsection.6.16.2.1}{\376\377\000C\000a\000n\000H\000a\000n\000d\000l\000e\000C\000o\000m\000m\000a\000n\000d}{subsection.6.16.2}% 162
\BOOKMARK [3][-]{subsubsection.6.16.2.2}{\376\377\000E\000x\000e\000c\000u\000t\000e}{subsection.6.16.2}% 163
\BOOKMARK [2][-]{subsection.6.16.3}{\376\377\000P\000r\000o\000p\000e\000r\000t\000y\000\040\000D\000o\000c\000u\000m\000e\000n\000t\000a\000t\000i\000o\000n}{section.6.16}% 164
\BOOKMARK [3][-]{subsubsection.6.16.3.1}{\376\377\000I\000s\000P\000e\000r\000s\000i\000s\000t\000a\000n\000t}{subsection.6.16.3}% 165
\BOOKMARK [3][-]{subsubsection.6.16.3.2}{\376\377\000N\000e\000e\000d\000s\000A\000u\000t\000h\000c\000a\000t\000i\000c\000a\000t\000i\000o\000n}{subsection.6.16.3}% 166
\BOOKMARK [1][-]{section.6.17}{\376\377\000D\000a\000m\000p\000S\000e\000r\000v\000e\000r\000.\000L\000i\000v\000e\000C\000o\000m\000m\000a\000n\000d\000\040\000C\000l\000a\000s\000s\000\040\000R\000e\000f\000e\000r\000e\000n\000c\000e}{chapter.6}% 167
\BOOKMARK [2][-]{subsection.6.17.1}{\376\377\000D\000e\000t\000a\000i\000l\000e\000d\000\040\000D\000e\000s\000c\000r\000i\000p\000t\000i\000o\000n}{section.6.17}% 168
\BOOKMARK [2][-]{subsection.6.17.2}{\376\377\000C\000o\000n\000s\000t\000r\000u\000c\000t\000o\000r\000\040\000\046\000\040\000D\000e\000s\000t\000r\000u\000c\000t\000o\000r\000\040\000D\000o\000c\000u\000m\000e\000n\000t\000a\000t\000i\000o\000n}{section.6.17}% 169
\BOOKMARK [3][-]{subsubsection.6.17.2.1}{\376\377\000L\000i\000v\000e\000C\000o\000m\000m\000a\000n\000d}{subsection.6.17.2}% 170
\BOOKMARK [2][-]{subsection.6.17.3}{\376\377\000M\000e\000m\000b\000e\000r\000\040\000F\000u\000n\000c\000t\000i\000o\000n\000\040\000D\000o\000c\000u\000m\000e\000n\000t\000a\000t\000i\000o\000n}{section.6.17}% 171
\BOOKMARK [3][-]{subsubsection.6.17.3.1}{\376\377\000C\000a\000n\000H\000a\000n\000d\000l\000e\000C\000o\000m\000m\000a\000n\000d}{subsection.6.17.3}% 172
\BOOKMARK [3][-]{subsubsection.6.17.3.2}{\376\377\000E\000x\000e\000c\000u\000t\000e}{subsection.6.17.3}% 173
\BOOKMARK [2][-]{subsection.6.17.4}{\376\377\000P\000r\000o\000p\000e\000r\000t\000y\000\040\000D\000o\000c\000u\000m\000e\000n\000t\000a\000t\000i\000o\000n}{section.6.17}% 174
\BOOKMARK [3][-]{subsubsection.6.17.4.1}{\376\377\000I\000s\000P\000e\000r\000s\000i\000s\000t\000a\000n\000t}{subsection.6.17.4}% 175
\BOOKMARK [3][-]{subsubsection.6.17.4.2}{\376\377\000N\000e\000e\000d\000s\000A\000u\000t\000h\000c\000a\000t\000i\000c\000a\000t\000i\000o\000n}{subsection.6.17.4}% 176
\BOOKMARK [1][-]{section.6.18}{\376\377\000D\000a\000m\000p\000S\000e\000r\000v\000e\000r\000.\000L\000o\000g\000g\000e\000r\000\040\000C\000l\000a\000s\000s\000\040\000R\000e\000f\000e\000r\000e\000n\000c\000e}{chapter.6}% 177
\BOOKMARK [2][-]{subsection.6.18.1}{\376\377\000D\000e\000t\000a\000i\000l\000e\000d\000\040\000D\000e\000s\000c\000r\000i\000p\000t\000i\000o\000n}{section.6.18}% 178
\BOOKMARK [2][-]{subsection.6.18.2}{\376\377\000M\000e\000m\000b\000e\000r\000\040\000F\000u\000n\000c\000t\000i\000o\000n\000\040\000D\000o\000c\000u\000m\000e\000n\000t\000a\000t\000i\000o\000n}{section.6.18}% 179
\BOOKMARK [3][-]{subsubsection.6.18.2.1}{\376\377\000L\000o\000g}{subsection.6.18.2}% 180
\BOOKMARK [1][-]{section.6.19}{\376\377\000D\000a\000m\000p\000S\000e\000r\000v\000e\000r\000.\000L\000o\000g\000i\000n\000C\000o\000m\000m\000a\000n\000d\000\040\000C\000l\000a\000s\000s\000\040\000R\000e\000f\000e\000r\000e\000n\000c\000e}{chapter.6}% 181
\BOOKMARK [2][-]{subsection.6.19.1}{\376\377\000D\000e\000t\000a\000i\000l\000e\000d\000\040\000D\000e\000s\000c\000r\000i\000p\000t\000i\000o\000n}{section.6.19}% 182
\BOOKMARK [2][-]{subsection.6.19.2}{\376\377\000C\000o\000n\000s\000t\000r\000u\000c\000t\000o\000r\000\040\000\046\000\040\000D\000e\000s\000t\000r\000u\000c\000t\000o\000r\000\040\000D\000o\000c\000u\000m\000e\000n\000t\000a\000t\000i\000o\000n}{section.6.19}% 183
\BOOKMARK [3][-]{subsubsection.6.19.2.1}{\376\377\000L\000o\000g\000i\000n\000C\000o\000m\000m\000a\000n\000d}{subsection.6.19.2}% 184
\BOOKMARK [2][-]{subsection.6.19.3}{\376\377\000M\000e\000m\000b\000e\000r\000\040\000F\000u\000n\000c\000t\000i\000o\000n\000\040\000D\000o\000c\000u\000m\000e\000n\000t\000a\000t\000i\000o\000n}{section.6.19}% 185
\BOOKMARK [3][-]{subsubsection.6.19.3.1}{\376\377\000C\000a\000n\000H\000a\000n\000d\000l\000e\000C\000o\000m\000m\000a\000n\000d}{subsection.6.19.3}% 186
\BOOKMARK [3][-]{subsubsection.6.19.3.2}{\376\377\000E\000x\000e\000c\000u\000t\000e}{subsection.6.19.3}% 187
\BOOKMARK [2][-]{subsection.6.19.4}{\376\377\000P\000r\000o\000p\000e\000r\000t\000y\000\040\000D\000o\000c\000u\000m\000e\000n\000t\000a\000t\000i\000o\000n}{section.6.19}% 188
\BOOKMARK [3][-]{subsubsection.6.19.4.1}{\376\377\000I\000s\000P\000e\000r\000s\000i\000s\000t\000a\000n\000t}{subsection.6.19.4}% 189
\BOOKMARK [3][-]{subsubsection.6.19.4.2}{\376\377\000N\000e\000e\000d\000s\000A\000u\000t\000h\000c\000a\000t\000i\000c\000a\000t\000i\000o\000n}{subsection.6.19.4}% 190
\BOOKMARK [1][-]{section.6.20}{\376\377\000D\000a\000m\000p\000S\000e\000r\000v\000e\000r\000.\000P\000r\000o\000g\000r\000a\000m\000\040\000C\000l\000a\000s\000s\000\040\000R\000e\000f\000e\000r\000e\000n\000c\000e}{chapter.6}% 191
\BOOKMARK [2][-]{subsection.6.20.1}{\376\377\000D\000e\000t\000a\000i\000l\000e\000d\000\040\000D\000e\000s\000c\000r\000i\000p\000t\000i\000o\000n}{section.6.20}% 192
\BOOKMARK [2][-]{subsection.6.20.2}{\376\377\000M\000e\000m\000b\000e\000r\000\040\000F\000u\000n\000c\000t\000i\000o\000n\000\040\000D\000o\000c\000u\000m\000e\000n\000t\000a\000t\000i\000o\000n}{section.6.20}% 193
\BOOKMARK [3][-]{subsubsection.6.20.2.1}{\376\377\000M\000a\000i\000n}{subsection.6.20.2}% 194
\BOOKMARK [1][-]{section.6.21}{\376\377\000D\000a\000m\000p\000S\000e\000r\000v\000e\000r\000.\000R\000e\000q\000u\000e\000s\000t\000P\000r\000o\000c\000e\000s\000s\000o\000r\000\040\000C\000l\000a\000s\000s\000\040\000R\000e\000f\000e\000r\000e\000n\000c\000e}{chapter.6}% 195
\BOOKMARK [2][-]{subsection.6.21.1}{\376\377\000D\000e\000t\000a\000i\000l\000e\000d\000\040\000D\000e\000s\000c\000r\000i\000p\000t\000i\000o\000n}{section.6.21}% 196
\BOOKMARK [2][-]{subsection.6.21.2}{\376\377\000C\000o\000n\000s\000t\000r\000u\000c\000t\000o\000r\000\040\000\046\000\040\000D\000e\000s\000t\000r\000u\000c\000t\000o\000r\000\040\000D\000o\000c\000u\000m\000e\000n\000t\000a\000t\000i\000o\000n}{section.6.21}% 197
\BOOKMARK [3][-]{subsubsection.6.21.2.1}{\376\377\000R\000e\000q\000u\000e\000s\000t\000P\000r\000o\000c\000e\000s\000s\000o\000r}{subsection.6.21.2}% 198
\BOOKMARK [2][-]{subsection.6.21.3}{\376\377\000M\000e\000m\000b\000e\000r\000\040\000F\000u\000n\000c\000t\000i\000o\000n\000\040\000D\000o\000c\000u\000m\000e\000n\000t\000a\000t\000i\000o\000n}{section.6.21}% 199
\BOOKMARK [3][-]{subsubsection.6.21.3.1}{\376\377\000C\000h\000e\000c\000k\000A\000u\000t\000h\000e\000t\000i\000c\000a\000t\000i\000o\000n}{subsection.6.21.3}% 200
\BOOKMARK [3][-]{subsubsection.6.21.3.2}{\376\377\000C\000l\000o\000s\000e\000S\000o\000c\000k\000e\000t}{subsection.6.21.3}% 201
\BOOKMARK [3][-]{subsubsection.6.21.3.3}{\376\377\000C\000r\000e\000a\000t\000e\000C\000o\000m\000m\000a\000n\000d}{subsection.6.21.3}% 202
\BOOKMARK [3][-]{subsubsection.6.21.3.4}{\376\377\000R\000u\000n}{subsection.6.21.3}% 203
\BOOKMARK [2][-]{subsection.6.21.4}{\376\377\000M\000e\000m\000b\000e\000r\000\040\000D\000a\000t\000a\000\040\000D\000o\000c\000u\000m\000e\000n\000t\000a\000t\000i\000o\000n}{section.6.21}% 204
\BOOKMARK [3][-]{subsubsection.6.21.4.1}{\376\377\000\137\000s\000o\000c\000k\000e\000t}{subsection.6.21.4}% 205
\BOOKMARK [1][-]{section.6.22}{\376\377\000D\000a\000m\000p\000S\000e\000r\000v\000e\000r\000.\000S\000o\000c\000k\000e\000t\000H\000a\000n\000d\000l\000e\000r\000\040\000C\000l\000a\000s\000s\000\040\000R\000e\000f\000e\000r\000e\000n\000c\000e}{chapter.6}% 206
\BOOKMARK [2][-]{subsection.6.22.1}{\376\377\000D\000e\000t\000a\000i\000l\000e\000d\000\040\000D\000e\000s\000c\000r\000i\000p\000t\000i\000o\000n}{section.6.22}% 207
\BOOKMARK [2][-]{subsection.6.22.2}{\376\377\000C\000o\000n\000s\000t\000r\000u\000c\000t\000o\000r\000\040\000\046\000\040\000D\000e\000s\000t\000r\000u\000c\000t\000o\000r\000\040\000D\000o\000c\000u\000m\000e\000n\000t\000a\000t\000i\000o\000n}{section.6.22}% 208
\BOOKMARK [3][-]{subsubsection.6.22.2.1}{\376\377\000S\000o\000c\000k\000e\000t\000H\000a\000n\000d\000l\000e\000r}{subsection.6.22.2}% 209
\BOOKMARK [2][-]{subsection.6.22.3}{\376\377\000M\000e\000m\000b\000e\000r\000\040\000D\000a\000t\000a\000\040\000D\000o\000c\000u\000m\000e\000n\000t\000a\000t\000i\000o\000n}{section.6.22}% 210
\BOOKMARK [3][-]{subsubsection.6.22.3.1}{\376\377\000\137\000t\000c\000p}{subsection.6.22.3}% 211
\BOOKMARK [1][-]{section.6.23}{\376\377\000D\000a\000m\000p\000S\000e\000r\000v\000e\000r\000.\000S\000t\000a\000t\000u\000s\000X\000m\000l\000R\000e\000s\000p\000o\000n\000s\000e\000\040\000C\000l\000a\000s\000s\000\040\000R\000e\000f\000e\000r\000e\000n\000c\000e}{chapter.6}% 212
\BOOKMARK [2][-]{subsection.6.23.1}{\376\377\000D\000e\000t\000a\000i\000l\000e\000d\000\040\000D\000e\000s\000c\000r\000i\000p\000t\000i\000o\000n}{section.6.23}% 213
\BOOKMARK [2][-]{subsection.6.23.2}{\376\377\000P\000r\000o\000p\000e\000r\000t\000y\000\040\000D\000o\000c\000u\000m\000e\000n\000t\000a\000t\000i\000o\000n}{section.6.23}% 214
\BOOKMARK [3][-]{subsubsection.6.23.2.1}{\376\377\000C\000o\000d\000e}{subsection.6.23.2}% 215
\BOOKMARK [3][-]{subsubsection.6.23.2.2}{\376\377\000C\000o\000m\000m\000a\000n\000d}{subsection.6.23.2}% 216
\BOOKMARK [3][-]{subsubsection.6.23.2.3}{\376\377\000M\000e\000s\000s\000a\000g\000e}{subsection.6.23.2}% 217
\BOOKMARK [1][-]{section.6.24}{\376\377\000D\000a\000m\000p\000S\000e\000r\000v\000e\000r\000.\000U\000p\000l\000o\000a\000d\000G\000a\000m\000e\000C\000o\000m\000m\000a\000n\000d\000\040\000C\000l\000a\000s\000s\000\040\000R\000e\000f\000e\000r\000e\000n\000c\000e}{chapter.6}% 218
\BOOKMARK [2][-]{subsection.6.24.1}{\376\377\000D\000e\000t\000a\000i\000l\000e\000d\000\040\000D\000e\000s\000c\000r\000i\000p\000t\000i\000o\000n}{section.6.24}% 219
\BOOKMARK [2][-]{subsection.6.24.2}{\376\377\000C\000o\000n\000s\000t\000r\000u\000c\000t\000o\000r\000\040\000\046\000\040\000D\000e\000s\000t\000r\000u\000c\000t\000o\000r\000\040\000D\000o\000c\000u\000m\000e\000n\000t\000a\000t\000i\000o\000n}{section.6.24}% 220
\BOOKMARK [3][-]{subsubsection.6.24.2.1}{\376\377\000U\000p\000l\000o\000a\000d\000G\000a\000m\000e\000C\000o\000m\000m\000a\000n\000d}{subsection.6.24.2}% 221
\BOOKMARK [2][-]{subsection.6.24.3}{\376\377\000M\000e\000m\000b\000e\000r\000\040\000F\000u\000n\000c\000t\000i\000o\000n\000\040\000D\000o\000c\000u\000m\000e\000n\000t\000a\000t\000i\000o\000n}{section.6.24}% 222
\BOOKMARK [3][-]{subsubsection.6.24.3.1}{\376\377\000C\000a\000n\000H\000a\000n\000d\000l\000e\000C\000o\000m\000m\000a\000n\000d}{subsection.6.24.3}% 223
\BOOKMARK [3][-]{subsubsection.6.24.3.2}{\376\377\000E\000x\000e\000c\000u\000t\000e}{subsection.6.24.3}% 224
\BOOKMARK [3][-]{subsubsection.6.24.3.3}{\376\377\000W\000r\000i\000t\000e\000T\000o\000f\000i\000l\000e}{subsection.6.24.3}% 225
\BOOKMARK [2][-]{subsection.6.24.4}{\376\377\000P\000r\000o\000p\000e\000r\000t\000y\000\040\000D\000o\000c\000u\000m\000e\000n\000t\000a\000t\000i\000o\000n}{section.6.24}% 226
\BOOKMARK [3][-]{subsubsection.6.24.4.1}{\376\377\000I\000s\000P\000e\000r\000s\000i\000s\000t\000a\000n\000t}{subsection.6.24.4}% 227
\BOOKMARK [3][-]{subsubsection.6.24.4.2}{\376\377\000N\000e\000e\000d\000s\000A\000u\000t\000h\000c\000a\000t\000i\000c\000a\000t\000i\000o\000n}{subsection.6.24.4}% 228
\BOOKMARK [1][-]{section.6.25}{\376\377\000D\000a\000m\000p\000S\000e\000r\000v\000e\000r\000.\000U\000s\000e\000r\000\040\000C\000l\000a\000s\000s\000\040\000R\000e\000f\000e\000r\000e\000n\000c\000e}{chapter.6}% 229
\BOOKMARK [2][-]{subsection.6.25.1}{\376\377\000D\000e\000t\000a\000i\000l\000e\000d\000\040\000D\000e\000s\000c\000r\000i\000p\000t\000i\000o\000n}{section.6.25}% 230
\BOOKMARK [2][-]{subsection.6.25.2}{\376\377\000P\000r\000o\000p\000e\000r\000t\000y\000\040\000D\000o\000c\000u\000m\000e\000n\000t\000a\000t\000i\000o\000n}{section.6.25}% 231
\BOOKMARK [3][-]{subsubsection.6.25.2.1}{\376\377\000A\000u\000t\000h\000T\000o\000k\000e\000n}{subsection.6.25.2}% 232
\BOOKMARK [3][-]{subsubsection.6.25.2.2}{\376\377\000E\000m\000a\000i\000l}{subsection.6.25.2}% 233
\BOOKMARK [3][-]{subsubsection.6.25.2.3}{\376\377\000F\000r\000i\000e\000n\000d\000s}{subsection.6.25.2}% 234
\BOOKMARK [3][-]{subsubsection.6.25.2.4}{\376\377\000G\000a\000m\000e\000s}{subsection.6.25.2}% 235
\BOOKMARK [3][-]{subsubsection.6.25.2.5}{\376\377\000U\000s\000e\000r\000I\000d}{subsection.6.25.2}% 236
\BOOKMARK [3][-]{subsubsection.6.25.2.6}{\376\377\000U\000s\000e\000r\000n\000a\000m\000e}{subsection.6.25.2}% 237
\BOOKMARK [1][-]{section.6.26}{\376\377\000D\000a\000m\000p\000S\000e\000r\000v\000e\000r\000.\000U\000s\000e\000r\000C\000o\000m\000m\000a\000n\000d\000s\000\040\000C\000l\000a\000s\000s\000\040\000R\000e\000f\000e\000r\000e\000n\000c\000e}{chapter.6}% 238
\BOOKMARK [2][-]{subsection.6.26.1}{\376\377\000D\000e\000t\000a\000i\000l\000e\000d\000\040\000D\000e\000s\000c\000r\000i\000p\000t\000i\000o\000n}{section.6.26}% 239
\BOOKMARK [2][-]{subsection.6.26.2}{\376\377\000C\000o\000n\000s\000t\000r\000u\000c\000t\000o\000r\000\040\000\046\000\040\000D\000e\000s\000t\000r\000u\000c\000t\000o\000r\000\040\000D\000o\000c\000u\000m\000e\000n\000t\000a\000t\000i\000o\000n}{section.6.26}% 240
\BOOKMARK [3][-]{subsubsection.6.26.2.1}{\376\377\000U\000s\000e\000r\000C\000o\000m\000m\000a\000n\000d\000s}{subsection.6.26.2}% 241
\BOOKMARK [2][-]{subsection.6.26.3}{\376\377\000M\000e\000m\000b\000e\000r\000\040\000F\000u\000n\000c\000t\000i\000o\000n\000\040\000D\000o\000c\000u\000m\000e\000n\000t\000a\000t\000i\000o\000n}{section.6.26}% 242
\BOOKMARK [3][-]{subsubsection.6.26.3.1}{\376\377\000C\000a\000n\000H\000a\000n\000d\000l\000e\000C\000o\000m\000m\000a\000n\000d}{subsection.6.26.3}% 243
\BOOKMARK [3][-]{subsubsection.6.26.3.2}{\376\377\000E\000x\000e\000c\000u\000t\000e}{subsection.6.26.3}% 244
\BOOKMARK [2][-]{subsection.6.26.4}{\376\377\000M\000e\000m\000b\000e\000r\000\040\000D\000a\000t\000a\000\040\000D\000o\000c\000u\000m\000e\000n\000t\000a\000t\000i\000o\000n}{section.6.26}% 245
\BOOKMARK [3][-]{subsubsection.6.26.4.1}{\376\377\000\137\000h\000t\000t\000p}{subsection.6.26.4}% 246
\BOOKMARK [2][-]{subsection.6.26.5}{\376\377\000P\000r\000o\000p\000e\000r\000t\000y\000\040\000D\000o\000c\000u\000m\000e\000n\000t\000a\000t\000i\000o\000n}{section.6.26}% 247
\BOOKMARK [3][-]{subsubsection.6.26.5.1}{\376\377\000I\000s\000P\000e\000r\000s\000i\000s\000t\000a\000n\000t}{subsection.6.26.5}% 248
\BOOKMARK [3][-]{subsubsection.6.26.5.2}{\376\377\000N\000e\000e\000d\000s\000A\000u\000t\000h\000c\000a\000t\000i\000c\000a\000t\000i\000o\000n}{subsection.6.26.5}% 249
\BOOKMARK [1][-]{section.6.27}{\376\377\000D\000a\000m\000p\000S\000e\000r\000v\000e\000r\000.\000U\000s\000e\000r\000M\000a\000n\000a\000g\000e\000m\000e\000n\000t\000\040\000C\000l\000a\000s\000s\000\040\000R\000e\000f\000e\000r\000e\000n\000c\000e}{chapter.6}% 250
\BOOKMARK [2][-]{subsection.6.27.1}{\376\377\000D\000e\000t\000a\000i\000l\000e\000d\000\040\000D\000e\000s\000c\000r\000i\000p\000t\000i\000o\000n}{section.6.27}% 251
\BOOKMARK [2][-]{subsection.6.27.2}{\376\377\000M\000e\000m\000b\000e\000r\000\040\000F\000u\000n\000c\000t\000i\000o\000n\000\040\000D\000o\000c\000u\000m\000e\000n\000t\000a\000t\000i\000o\000n}{section.6.27}% 252
\BOOKMARK [3][-]{subsubsection.6.27.2.1}{\376\377\000G\000e\000t\000U\000s\000e\000r}{subsection.6.27.2}% 253
\BOOKMARK [1][-]{section.6.28}{\376\377\000D\000a\000m\000p\000S\000e\000r\000v\000e\000r\000.\000U\000s\000e\000r\000N\000o\000t\000F\000o\000u\000n\000d\000E\000x\000c\000e\000p\000t\000i\000o\000n\000\040\000C\000l\000a\000s\000s\000\040\000R\000e\000f\000e\000r\000e\000n\000c\000e}{chapter.6}% 254
\BOOKMARK [2][-]{subsection.6.28.1}{\376\377\000D\000e\000t\000a\000i\000l\000e\000d\000\040\000D\000e\000s\000c\000r\000i\000p\000t\000i\000o\000n}{section.6.28}% 255
\BOOKMARK [1][-]{section.6.29}{\376\377\000D\000a\000m\000p\000S\000e\000r\000v\000e\000r\000.\000X\000m\000l\000R\000e\000s\000p\000o\000n\000s\000e\000\040\000C\000l\000a\000s\000s\000\040\000R\000e\000f\000e\000r\000e\000n\000c\000e}{chapter.6}% 256
\BOOKMARK [2][-]{subsection.6.29.1}{\376\377\000D\000e\000t\000a\000i\000l\000e\000d\000\040\000D\000e\000s\000c\000r\000i\000p\000t\000i\000o\000n}{section.6.29}% 257
\BOOKMARK [2][-]{subsection.6.29.2}{\376\377\000C\000o\000n\000s\000t\000r\000u\000c\000t\000o\000r\000\040\000\046\000\040\000D\000e\000s\000t\000r\000u\000c\000t\000o\000r\000\040\000D\000o\000c\000u\000m\000e\000n\000t\000a\000t\000i\000o\000n}{section.6.29}% 258
\BOOKMARK [3][-]{subsubsection.6.29.2.1}{\376\377\000X\000m\000l\000R\000e\000s\000p\000o\000n\000s\000e}{subsection.6.29.2}% 259
\BOOKMARK [2][-]{subsection.6.29.3}{\376\377\000P\000r\000o\000p\000e\000r\000t\000y\000\040\000D\000o\000c\000u\000m\000e\000n\000t\000a\000t\000i\000o\000n}{section.6.29}% 260
\BOOKMARK [3][-]{subsubsection.6.29.3.1}{\376\377\000D\000a\000t\000e}{subsection.6.29.3}% 261
\BOOKMARK [0][-]{chapter.7}{\376\377\000F\000i\000l\000e\000\040\000D\000o\000c\000u\000m\000e\000n\000t\000a\000t\000i\000o\000n}{}% 262
\BOOKMARK [1][-]{section.7.1}{\376\377\000D\000a\000m\000p\000S\000e\000r\000v\000e\000r\000/\000A\000r\000c\000h\000i\000v\000e\000m\000e\000n\000t\000.\000c\000s\000\040\000F\000i\000l\000e\000\040\000R\000e\000f\000e\000r\000e\000n\000c\000e}{chapter.7}% 263
\BOOKMARK [1][-]{section.7.2}{\376\377\000D\000a\000m\000p\000S\000e\000r\000v\000e\000r\000/\000C\000h\000a\000t\000C\000o\000m\000m\000a\000n\000d\000.\000c\000s\000\040\000F\000i\000l\000e\000\040\000R\000e\000f\000e\000r\000e\000n\000c\000e}{chapter.7}% 264
\BOOKMARK [1][-]{section.7.3}{\376\377\000D\000a\000m\000p\000S\000e\000r\000v\000e\000r\000/\000C\000h\000a\000t\000X\000m\000l\000R\000e\000s\000p\000o\000n\000s\000e\000.\000c\000s\000\040\000F\000i\000l\000e\000\040\000R\000e\000f\000e\000r\000e\000n\000c\000e}{chapter.7}% 265
\BOOKMARK [1][-]{section.7.4}{\376\377\000D\000a\000m\000p\000S\000e\000r\000v\000e\000r\000/\000C\000o\000m\000m\000a\000n\000d\000N\000o\000t\000F\000o\000u\000n\000d\000E\000x\000c\000e\000p\000t\000i\000o\000n\000.\000c\000s\000\040\000F\000i\000l\000e\000\040\000R\000e\000f\000e\000r\000e\000n\000c\000e}{chapter.7}% 266
\BOOKMARK [1][-]{section.7.5}{\376\377\000D\000a\000m\000p\000S\000e\000r\000v\000e\000r\000/\000C\000o\000n\000n\000e\000c\000t\000i\000o\000n\000.\000c\000s\000\040\000F\000i\000l\000e\000\040\000R\000e\000f\000e\000r\000e\000n\000c\000e}{chapter.7}% 267
\BOOKMARK [1][-]{section.7.6}{\376\377\000D\000a\000m\000p\000S\000e\000r\000v\000e\000r\000/\000C\000o\000n\000n\000e\000c\000t\000i\000o\000n\000M\000a\000n\000a\000g\000e\000r\000.\000c\000s\000\040\000F\000i\000l\000e\000\040\000R\000e\000f\000e\000r\000e\000n\000c\000e}{chapter.7}% 268
\BOOKMARK [1][-]{section.7.7}{\376\377\000D\000a\000m\000p\000S\000e\000r\000v\000e\000r\000/\000D\000a\000t\000a\000b\000a\000s\000e\000.\000c\000s\000\040\000F\000i\000l\000e\000\040\000R\000e\000f\000e\000r\000e\000n\000c\000e}{chapter.7}% 269
\BOOKMARK [1][-]{section.7.8}{\376\377\000D\000a\000m\000p\000S\000e\000r\000v\000e\000r\000/\000D\000o\000w\000n\000l\000o\000a\000d\000C\000o\000m\000m\000a\000n\000d\000.\000c\000s\000\040\000F\000i\000l\000e\000\040\000R\000e\000f\000e\000r\000e\000n\000c\000e}{chapter.7}% 270
\BOOKMARK [1][-]{section.7.9}{\376\377\000D\000a\000m\000p\000S\000e\000r\000v\000e\000r\000/\000E\000r\000r\000o\000r\000X\000m\000l\000R\000e\000s\000p\000o\000n\000s\000e\000.\000c\000s\000\040\000F\000i\000l\000e\000\040\000R\000e\000f\000e\000r\000e\000n\000c\000e}{chapter.7}% 271
\BOOKMARK [1][-]{section.7.10}{\376\377\000D\000a\000m\000p\000S\000e\000r\000v\000e\000r\000/\000G\000a\000m\000e\000.\000c\000s\000\040\000F\000i\000l\000e\000\040\000R\000e\000f\000e\000r\000e\000n\000c\000e}{chapter.7}% 272
\BOOKMARK [1][-]{section.7.11}{\376\377\000D\000a\000m\000p\000S\000e\000r\000v\000e\000r\000/\000G\000a\000m\000e\000H\000a\000n\000d\000l\000e\000r\000.\000c\000s\000\040\000F\000i\000l\000e\000\040\000R\000e\000f\000e\000r\000e\000n\000c\000e}{chapter.7}% 273
\BOOKMARK [1][-]{section.7.12}{\376\377\000D\000a\000m\000p\000S\000e\000r\000v\000e\000r\000/\000H\000t\000t\000p\000.\000c\000s\000\040\000F\000i\000l\000e\000\040\000R\000e\000f\000e\000r\000e\000n\000c\000e}{chapter.7}% 274
\BOOKMARK [1][-]{section.7.13}{\376\377\000D\000a\000m\000p\000S\000e\000r\000v\000e\000r\000/\000I\000C\000o\000m\000m\000a\000n\000d\000A\000r\000g\000u\000m\000e\000n\000t\000.\000c\000s\000\040\000F\000i\000l\000e\000\040\000R\000e\000f\000e\000r\000e\000n\000c\000e}{chapter.7}% 275
\BOOKMARK [1][-]{section.7.14}{\376\377\000D\000a\000m\000p\000S\000e\000r\000v\000e\000r\000/\000I\000n\000v\000a\000l\000i\000d\000F\000i\000l\000e\000H\000a\000s\000h\000E\000x\000c\000e\000p\000t\000i\000o\000n\000.\000c\000s\000\040\000F\000i\000l\000e\000\040\000R\000e\000f\000e\000r\000e\000n\000c\000e}{chapter.7}% 276
\BOOKMARK [1][-]{section.7.15}{\376\377\000D\000a\000m\000p\000S\000e\000r\000v\000e\000r\000/\000I\000n\000v\000a\000l\000i\000d\000H\000t\000t\000p\000R\000e\000q\000u\000e\000s\000t\000E\000x\000c\000e\000p\000t\000i\000o\000n\000.\000c\000s\000\040\000F\000i\000l\000e\000\040\000R\000e\000f\000e\000r\000e\000n\000c\000e}{chapter.7}% 277
\BOOKMARK [1][-]{section.7.16}{\376\377\000D\000a\000m\000p\000S\000e\000r\000v\000e\000r\000/\000I\000S\000e\000r\000v\000e\000r\000C\000o\000m\000m\000a\000n\000d\000.\000c\000s\000\040\000F\000i\000l\000e\000\040\000R\000e\000f\000e\000r\000e\000n\000c\000e}{chapter.7}% 278
\BOOKMARK [1][-]{section.7.17}{\376\377\000D\000a\000m\000p\000S\000e\000r\000v\000e\000r\000/\000L\000i\000v\000e\000C\000o\000m\000m\000a\000n\000d\000.\000c\000s\000\040\000F\000i\000l\000e\000\040\000R\000e\000f\000e\000r\000e\000n\000c\000e}{chapter.7}% 279
\BOOKMARK [1][-]{section.7.18}{\376\377\000D\000a\000m\000p\000S\000e\000r\000v\000e\000r\000/\000L\000o\000g\000.\000c\000s\000\040\000F\000i\000l\000e\000\040\000R\000e\000f\000e\000r\000e\000n\000c\000e}{chapter.7}% 280
\BOOKMARK [1][-]{section.7.19}{\376\377\000D\000a\000m\000p\000S\000e\000r\000v\000e\000r\000/\000L\000o\000g\000i\000n\000C\000o\000m\000m\000a\000n\000d\000.\000c\000s\000\040\000F\000i\000l\000e\000\040\000R\000e\000f\000e\000r\000e\000n\000c\000e}{chapter.7}% 281
\BOOKMARK [1][-]{section.7.20}{\376\377\000D\000a\000m\000p\000S\000e\000r\000v\000e\000r\000/\000o\000b\000j\000/\000D\000e\000b\000u\000g\000/\000T\000e\000m\000p\000o\000r\000a\000r\000y\000G\000e\000n\000e\000r\000a\000t\000e\000d\000F\000i\000l\000e\000\137\0000\0003\0006\000C\0000\000B\0005\000B\000-\0001\0004\0008\0001\000-\0004\0003\0002\0003\000-\0008\000D\0002\0000\000-\0008\000F\0005\000A\000D\000C\000B\0002\0003\000D\0009\0002\000.\000c\000s\000\040\000F\000i\000l\000e\000\040\000R\000e\000f\000e\000r\000e\000n\000c\000e}{chapter.7}% 282
\BOOKMARK [1][-]{section.7.21}{\376\377\000D\000a\000m\000p\000S\000e\000r\000v\000e\000r\000/\000o\000b\000j\000/\000D\000e\000b\000u\000g\000/\000T\000e\000m\000p\000o\000r\000a\000r\000y\000G\000e\000n\000e\000r\000a\000t\000e\000d\000F\000i\000l\000e\000\137\0005\0009\0003\0007\000a\0006\0007\0000\000-\0000\000e\0006\0000\000-\0004\0000\0007\0007\000-\0008\0007\0007\000b\000-\000f\0007\0002\0002\0001\000d\000a\0003\000d\000d\000a\0001\000.\000c\000s\000\040\000F\000i\000l\000e\000\040\000R\000e\000f\000e\000r\000e\000n\000c\000e}{chapter.7}% 283
\BOOKMARK [1][-]{section.7.22}{\376\377\000D\000a\000m\000p\000S\000e\000r\000v\000e\000r\000/\000o\000b\000j\000/\000D\000e\000b\000u\000g\000/\000T\000e\000m\000p\000o\000r\000a\000r\000y\000G\000e\000n\000e\000r\000a\000t\000e\000d\000F\000i\000l\000e\000\137\000E\0007\000A\0007\0001\000F\0007\0003\000-\0000\000F\0008\000D\000-\0004\000B\0009\000B\000-\000B\0005\0006\000E\000-\0008\000E\0007\0000\000B\0001\0000\000B\000C\0005\000D\0003\000.\000c\000s\000\040\000F\000i\000l\000e\000\040\000R\000e\000f\000e\000r\000e\000n\000c\000e}{chapter.7}% 284
\BOOKMARK [1][-]{section.7.23}{\376\377\000D\000a\000m\000p\000S\000e\000r\000v\000e\000r\000/\000P\000r\000o\000g\000r\000a\000m\000.\000c\000s\000\040\000F\000i\000l\000e\000\040\000R\000e\000f\000e\000r\000e\000n\000c\000e}{chapter.7}% 285
\BOOKMARK [1][-]{section.7.24}{\376\377\000D\000a\000m\000p\000S\000e\000r\000v\000e\000r\000/\000R\000e\000q\000u\000e\000s\000t\000P\000r\000o\000c\000e\000s\000s\000o\000r\000.\000c\000s\000\040\000F\000i\000l\000e\000\040\000R\000e\000f\000e\000r\000e\000n\000c\000e}{chapter.7}% 286
\BOOKMARK [1][-]{section.7.25}{\376\377\000D\000a\000m\000p\000S\000e\000r\000v\000e\000r\000/\000S\000o\000c\000k\000e\000t\000H\000a\000n\000d\000l\000e\000r\000.\000c\000s\000\040\000F\000i\000l\000e\000\040\000R\000e\000f\000e\000r\000e\000n\000c\000e}{chapter.7}% 287
\BOOKMARK [1][-]{section.7.26}{\376\377\000D\000a\000m\000p\000S\000e\000r\000v\000e\000r\000/\000S\000t\000a\000t\000u\000s\000X\000m\000l\000R\000e\000s\000p\000o\000n\000s\000e\000.\000c\000s\000\040\000F\000i\000l\000e\000\040\000R\000e\000f\000e\000r\000e\000n\000c\000e}{chapter.7}% 288
\BOOKMARK [1][-]{section.7.27}{\376\377\000D\000a\000m\000p\000S\000e\000r\000v\000e\000r\000/\000U\000p\000l\000o\000a\000d\000G\000a\000m\000e\000C\000o\000m\000m\000a\000n\000d\000.\000c\000s\000\040\000F\000i\000l\000e\000\040\000R\000e\000f\000e\000r\000e\000n\000c\000e}{chapter.7}% 289
\BOOKMARK [1][-]{section.7.28}{\376\377\000D\000a\000m\000p\000S\000e\000r\000v\000e\000r\000/\000U\000s\000e\000r\000.\000c\000s\000\040\000F\000i\000l\000e\000\040\000R\000e\000f\000e\000r\000e\000n\000c\000e}{chapter.7}% 290
\BOOKMARK [1][-]{section.7.29}{\376\377\000D\000a\000m\000p\000S\000e\000r\000v\000e\000r\000/\000U\000s\000e\000r\000C\000o\000m\000m\000a\000n\000d\000s\000.\000c\000s\000\040\000F\000i\000l\000e\000\040\000R\000e\000f\000e\000r\000e\000n\000c\000e}{chapter.7}% 291
\BOOKMARK [1][-]{section.7.30}{\376\377\000D\000a\000m\000p\000S\000e\000r\000v\000e\000r\000/\000U\000s\000e\000r\000M\000a\000n\000a\000g\000e\000m\000e\000n\000t\000.\000c\000s\000\040\000F\000i\000l\000e\000\040\000R\000e\000f\000e\000r\000e\000n\000c\000e}{chapter.7}% 292
\BOOKMARK [1][-]{section.7.31}{\376\377\000D\000a\000m\000p\000S\000e\000r\000v\000e\000r\000/\000X\000m\000l\000R\000e\000s\000p\000o\000n\000s\000e\000.\000c\000s\000\040\000F\000i\000l\000e\000\040\000R\000e\000f\000e\000r\000e\000n\000c\000e}{chapter.7}% 293
\BOOKMARK [-1][-]{section*.121}{\376\377\000I\000n\000d\000e\000x}{}% 294
